[INFO] Scanning for projects...
[INFO] Inspecting build with total of 1 modules
[INFO] Installing Central Publishing features
[INFO] 
[INFO] ------------< com.brihaspathee.sapphire:member-management >-------------
[INFO] Building member-management 1.0.3
[INFO] --------------------------------[ jar ]---------------------------------
[INFO] 
[INFO] --- maven-clean-plugin:3.4.0:clean (default-clean) @ member-management ---
[INFO] Deleting /Users/balaji/Documents/mac-mini/Projects.nosync/sapphire/services/member-management/target
[INFO] 
[INFO] --- maven-resources-plugin:3.3.1:resources (default-resources) @ member-management ---
[INFO] Copying 2 resources from src/main/resources to target/classes
[INFO] Copying 1 resource from src/main/resources to target/classes
[INFO] 
[INFO] --- maven-compiler-plugin:3.8.1:compile (default-compile) @ member-management ---
[INFO] Changes detected - recompiling the module!
[INFO] Compiling 64 source files to /Users/balaji/Documents/mac-mini/Projects.nosync/sapphire/services/member-management/target/classes
[INFO] /Users/balaji/Documents/mac-mini/Projects.nosync/sapphire/services/member-management/src/main/java/com/brihaspathee/sapphire/service/impl/MemberElasticServiceImpl.java: /Users/balaji/Documents/mac-mini/Projects.nosync/sapphire/services/member-management/src/main/java/com/brihaspathee/sapphire/service/impl/MemberElasticServiceImpl.java uses unchecked or unsafe operations.
[INFO] /Users/balaji/Documents/mac-mini/Projects.nosync/sapphire/services/member-management/src/main/java/com/brihaspathee/sapphire/service/impl/MemberElasticServiceImpl.java: Recompile with -Xlint:unchecked for details.
[INFO] 
[INFO] --- maven-resources-plugin:3.3.1:testResources (default-testResources) @ member-management ---
[INFO] Copying 1 resource from src/test/resources to target/test-classes
[INFO] 
[INFO] --- maven-compiler-plugin:3.8.1:testCompile (default-testCompile) @ member-management ---
[INFO] Changes detected - recompiling the module!
[INFO] Compiling 1 source file to /Users/balaji/Documents/mac-mini/Projects.nosync/sapphire/services/member-management/target/test-classes
[INFO] 
[INFO] --- maven-surefire-plugin:3.5.2:test (default-test) @ member-management ---
[INFO] Using auto detected provider org.apache.maven.surefire.junitplatform.JUnitPlatformProvider
[INFO] 
[INFO] -------------------------------------------------------
[INFO]  T E S T S
[INFO] -------------------------------------------------------
Mar 03, 2025 1:02:22 PM org.junit.platform.launcher.core.LauncherConfigurationParameters loadClasspathResource
WARNING: Discovered 3 'junit-platform.properties' configuration files on the classpath (see below); only the first (*) will be used.
- jar:file:/Users/balaji/.m2/repository/org/apache/kafka/kafka-clients/3.8.1/kafka-clients-3.8.1-test.jar!/junit-platform.properties (*)
- jar:file:/Users/balaji/.m2/repository/org/apache/kafka/kafka-server-common/3.8.1/kafka-server-common-3.8.1-test.jar!/junit-platform.properties
- jar:file:/Users/balaji/.m2/repository/org/apache/kafka/kafka_2.13/3.8.1/kafka_2.13-3.8.1-test.jar!/junit-platform.properties
Mar 03, 2025 1:02:22 PM org.junit.platform.launcher.core.LauncherConfigurationParameters loadClasspathResource
WARNING: Discovered 3 'junit-platform.properties' configuration files on the classpath (see below); only the first (*) will be used.
- jar:file:/Users/balaji/.m2/repository/org/apache/kafka/kafka-clients/3.8.1/kafka-clients-3.8.1-test.jar!/junit-platform.properties (*)
- jar:file:/Users/balaji/.m2/repository/org/apache/kafka/kafka-server-common/3.8.1/kafka-server-common-3.8.1-test.jar!/junit-platform.properties
- jar:file:/Users/balaji/.m2/repository/org/apache/kafka/kafka_2.13/3.8.1/kafka_2.13-3.8.1-test.jar!/junit-platform.properties
Mar 03, 2025 1:02:22 PM org.junit.platform.launcher.core.LauncherConfigurationParameters loadClasspathResource
WARNING: Discovered 3 'junit-platform.properties' configuration files on the classpath (see below); only the first (*) will be used.
- jar:file:/Users/balaji/.m2/repository/org/apache/kafka/kafka-clients/3.8.1/kafka-clients-3.8.1-test.jar!/junit-platform.properties (*)
- jar:file:/Users/balaji/.m2/repository/org/apache/kafka/kafka-server-common/3.8.1/kafka-server-common-3.8.1-test.jar!/junit-platform.properties
- jar:file:/Users/balaji/.m2/repository/org/apache/kafka/kafka_2.13/3.8.1/kafka_2.13-3.8.1-test.jar!/junit-platform.properties
[INFO] Running com.brihaspathee.sapphire.MemberManagementApplicationTests
13:02:22.485 [main] INFO org.springframework.test.context.support.AnnotationConfigContextLoaderUtils -- Could not detect default configuration classes for test class [com.brihaspathee.sapphire.MemberManagementApplicationTests]: MemberManagementApplicationTests does not declare any static, non-private, non-final, nested classes annotated with @Configuration.
13:02:22.545 [main] INFO org.springframework.boot.test.context.SpringBootTestContextBootstrapper -- Found @SpringBootConfiguration com.brihaspathee.sapphire.MemberManagementApplication for test class com.brihaspathee.sapphire.MemberManagementApplicationTests

  .   ____          _            __ _ _
 /\\ / ___'_ __ _ _(_)_ __  __ _ \ \ \ \
( ( )\___ | '_ | '_| | '_ \/ _` | \ \ \ \
 \\/  ___)| |_)| | | | | || (_| |  ) ) ) )
  '  |____| .__|_| |_|_| |_\__, | / / / /
 =========|_|==============|___/=/_/_/_/

 :: Spring Boot ::                (v3.4.0)

2025-03-03T13:02:22.853-05:00  INFO 17044 --- [member-management] [           main] c.b.s.MemberManagementApplicationTests   : Starting MemberManagementApplicationTests using Java 21.0.3 with PID 17044 (started by balaji in /Users/balaji/Documents/mac-mini/Projects.nosync/sapphire/services/member-management)
2025-03-03T13:02:22.854-05:00  INFO 17044 --- [member-management] [           main] c.b.s.MemberManagementApplicationTests   : The following 1 profile is active: "unit-test"
2025-03-03T13:02:23.185-05:00  INFO 17044 --- [member-management] [           main] .s.d.r.c.RepositoryConfigurationDelegate : Multiple Spring Data modules found, entering strict repository configuration mode
2025-03-03T13:02:23.186-05:00  INFO 17044 --- [member-management] [           main] .s.d.r.c.RepositoryConfigurationDelegate : Bootstrapping Spring Data Elasticsearch repositories in DEFAULT mode.
2025-03-03T13:02:23.190-05:00  INFO 17044 --- [member-management] [           main] .i.s.PathMatchingResourcePatternResolver : Skipping search for files matching pattern [**/*.class]: directory [/Users/balaji/Documents/mac-mini/Projects.nosync/sapphire/services/member-management/target/test-classes/com/brihaspathee/sapphire/domain/elastic/repository] does not exist
2025-03-03T13:02:23.238-05:00  INFO 17044 --- [member-management] [           main] .i.s.PathMatchingResourcePatternResolver : Skipping search for files matching pattern [**/*Impl.class]: directory [/Users/balaji/Documents/mac-mini/Projects.nosync/sapphire/services/member-management/target/test-classes/com/brihaspathee/sapphire/domain/elastic/repository] does not exist
2025-03-03T13:02:23.246-05:00  INFO 17044 --- [member-management] [           main] .s.d.r.c.RepositoryConfigurationDelegate : Finished Spring Data repository scanning in 57 ms. Found 1 Elasticsearch repository interface.
2025-03-03T13:02:23.430-05:00  INFO 17044 --- [member-management] [           main] .s.d.r.c.RepositoryConfigurationDelegate : Multiple Spring Data modules found, entering strict repository configuration mode
2025-03-03T13:02:23.431-05:00  INFO 17044 --- [member-management] [           main] .s.d.r.c.RepositoryConfigurationDelegate : Bootstrapping Spring Data Reactive Elasticsearch repositories in DEFAULT mode.
2025-03-03T13:02:23.468-05:00  INFO 17044 --- [member-management] [           main] .RepositoryConfigurationExtensionSupport : Spring Data Reactive Elasticsearch - Could not safely identify store assignment for repository candidate interface com.brihaspathee.sapphire.domain.repository.AccountRepository; If you want this repository to be a Reactive Elasticsearch repository, consider annotating your entities with one of these annotations: org.springframework.data.elasticsearch.annotations.Document (preferred), or consider extending one of the following types with your repository: org.springframework.data.elasticsearch.repository.ReactiveElasticsearchRepository
2025-03-03T13:02:23.469-05:00  INFO 17044 --- [member-management] [           main] .RepositoryConfigurationExtensionSupport : Spring Data Reactive Elasticsearch - Could not safely identify store assignment for repository candidate interface com.brihaspathee.sapphire.domain.repository.EnrollmentSpanRepository; If you want this repository to be a Reactive Elasticsearch repository, consider annotating your entities with one of these annotations: org.springframework.data.elasticsearch.annotations.Document (preferred), or consider extending one of the following types with your repository: org.springframework.data.elasticsearch.repository.ReactiveElasticsearchRepository
2025-03-03T13:02:23.471-05:00  INFO 17044 --- [member-management] [           main] .RepositoryConfigurationExtensionSupport : Spring Data Reactive Elasticsearch - Could not safely identify store assignment for repository candidate interface com.brihaspathee.sapphire.domain.repository.MemberRepository; If you want this repository to be a Reactive Elasticsearch repository, consider annotating your entities with one of these annotations: org.springframework.data.elasticsearch.annotations.Document (preferred), or consider extending one of the following types with your repository: org.springframework.data.elasticsearch.repository.ReactiveElasticsearchRepository
2025-03-03T13:02:23.473-05:00  INFO 17044 --- [member-management] [           main] .RepositoryConfigurationExtensionSupport : Spring Data Reactive Elasticsearch - Could not safely identify store assignment for repository candidate interface com.brihaspathee.sapphire.domain.repository.PremiumSpanRepository; If you want this repository to be a Reactive Elasticsearch repository, consider annotating your entities with one of these annotations: org.springframework.data.elasticsearch.annotations.Document (preferred), or consider extending one of the following types with your repository: org.springframework.data.elasticsearch.repository.ReactiveElasticsearchRepository
2025-03-03T13:02:23.473-05:00  INFO 17044 --- [member-management] [           main] .s.d.r.c.RepositoryConfigurationDelegate : Finished Spring Data repository scanning in 39 ms. Found 0 Reactive Elasticsearch repository interfaces.
2025-03-03T13:02:23.487-05:00  INFO 17044 --- [member-management] [           main] .s.d.r.c.RepositoryConfigurationDelegate : Multiple Spring Data modules found, entering strict repository configuration mode
2025-03-03T13:02:23.487-05:00  INFO 17044 --- [member-management] [           main] .s.d.r.c.RepositoryConfigurationDelegate : Bootstrapping Spring Data MongoDB repositories in DEFAULT mode.
2025-03-03T13:02:23.499-05:00  INFO 17044 --- [member-management] [           main] .RepositoryConfigurationExtensionSupport : Spring Data MongoDB - Could not safely identify store assignment for repository candidate interface com.brihaspathee.sapphire.domain.elastic.repository.MemberElasticRepository; If you want this repository to be a MongoDB repository, consider annotating your entities with one of these annotations: org.springframework.data.mongodb.core.mapping.Document (preferred), or consider extending one of the following types with your repository: org.springframework.data.mongodb.repository.MongoRepository
2025-03-03T13:02:23.524-05:00  INFO 17044 --- [member-management] [           main] .s.d.r.c.RepositoryConfigurationDelegate : Finished Spring Data repository scanning in 36 ms. Found 4 MongoDB repository interfaces.
2025-03-03T13:02:23.714-05:00  INFO 17044 --- [member-management] [           main] o.s.cloud.context.scope.GenericScope     : BeanFactory id=1641d2d6-aa35-3ef1-b313-06443a93f0f6
Active profile: unit-test
Application properties loaded from: null
2025-03-03T13:02:24.005-05:00  INFO 17044 --- [member-management] [           main] org.mongodb.driver.client                : MongoClient with metadata {"driver": {"name": "mongo-java-driver|sync|spring-boot", "version": "5.2.1"}, "os": {"type": "Darwin", "name": "Mac OS X", "architecture": "aarch64", "version": "15.3.1"}, "platform": "Java/Oracle Corporation/21.0.3+7-LTS-152"} created with settings MongoClientSettings{readPreference=primary, writeConcern=WriteConcern{w=null, wTimeout=null ms, journal=null}, retryWrites=true, retryReads=true, readConcern=ReadConcern{level=null}, credential=MongoCredential{mechanism=null, userName='membermanagementadmin', source='member-management', password=<hidden>, mechanismProperties=<hidden>}, transportSettings=null, commandListeners=[], codecRegistry=ProvidersCodecRegistry{codecProviders=[ValueCodecProvider{}, BsonValueCodecProvider{}, DBRefCodecProvider{}, DBObjectCodecProvider{}, DocumentCodecProvider{}, CollectionCodecProvider{}, IterableCodecProvider{}, MapCodecProvider{}, GeoJsonCodecProvider{}, GridFSFileCodecProvider{}, Jsr310CodecProvider{}, JsonObjectCodecProvider{}, BsonCodecProvider{}, EnumCodecProvider{}, com.mongodb.client.model.mql.ExpressionCodecProvider@3a5b7d7e, com.mongodb.Jep395RecordCodecProvider@13cc31ae, com.mongodb.KotlinCodecProvider@5bb7a59]}, loggerSettings=LoggerSettings{maxDocumentLength=1000}, clusterSettings={hosts=[localhost:27019], srvServiceName=mongodb, mode=SINGLE, requiredClusterType=UNKNOWN, requiredReplicaSetName='null', serverSelector='null', clusterListeners='[]', serverSelectionTimeout='30000 ms', localThreshold='15 ms'}, socketSettings=SocketSettings{connectTimeoutMS=10000, readTimeoutMS=0, receiveBufferSize=0, proxySettings=ProxySettings{host=null, port=null, username=null, password=null}}, heartbeatSocketSettings=SocketSettings{connectTimeoutMS=10000, readTimeoutMS=10000, receiveBufferSize=0, proxySettings=ProxySettings{host=null, port=null, username=null, password=null}}, connectionPoolSettings=ConnectionPoolSettings{maxSize=100, minSize=0, maxWaitTimeMS=120000, maxConnectionLifeTimeMS=0, maxConnectionIdleTimeMS=0, maintenanceInitialDelayMS=0, maintenanceFrequencyMS=60000, connectionPoolListeners=[], maxConnecting=2}, serverSettings=ServerSettings{heartbeatFrequencyMS=10000, minHeartbeatFrequencyMS=500, serverMonitoringMode=AUTO, serverListeners='[]', serverMonitorListeners='[]'}, sslSettings=SslSettings{enabled=false, invalidHostNameAllowed=false, context=null}, applicationName='null', compressorList=[], uuidRepresentation=JAVA_LEGACY, serverApi=null, autoEncryptionSettings=null, dnsClient=null, inetAddressResolver=null, contextProvider=null, timeoutMS=null}
2025-03-03T13:02:24.029-05:00  INFO 17044 --- [member-management] [localhost:27019] org.mongodb.driver.cluster               : Monitor thread successfully connected to server with description ServerDescription{address=localhost:27019, type=STANDALONE, cryptd=false, state=CONNECTED, ok=true, minWireVersion=0, maxWireVersion=17, maxDocumentSize=16777216, logicalSessionTimeoutMinutes=30, roundTripTimeNanos=13204958, minRoundTripTimeNanos=0}
2025-03-03T13:02:25.058-05:00  INFO 17044 --- [member-management] [           main] DiscoveryClientOptionalArgsConfiguration : Eureka HTTP Client uses RestTemplate.
2025-03-03T13:02:25.123-05:00  INFO 17044 --- [member-management] [           main] c.b.s.MemberManagementApplicationTests   : Started MemberManagementApplicationTests in 2.424 seconds (process running for 3.026)
Mockito is currently self-attaching to enable the inline-mock-maker. This will no longer work in future releases of the JDK. Please add Mockito as an agent to your build what is described in Mockito's documentation: https://javadoc.io/doc/org.mockito/mockito-core/latest/org/mockito/Mockito.html#0.3
Java HotSpot(TM) 64-Bit Server VM warning: Sharing is only supported for boot loader classes because bootstrap classpath has been appended
WARNING: A Java agent has been loaded dynamically (/Users/balaji/.m2/repository/net/bytebuddy/byte-buddy-agent/1.15.10/byte-buddy-agent-1.15.10.jar)
WARNING: If a serviceability tool is in use, please run with -XX:+EnableDynamicAgentLoading to hide this warning
WARNING: If a serviceability tool is not in use, please run with -Djdk.instrument.traceUsage for more information
WARNING: Dynamic loading of agents will be disallowed by default in a future release
[INFO] Tests run: 1, Failures: 0, Errors: 0, Skipped: 0, Time elapsed: 3.135 s -- in com.brihaspathee.sapphire.MemberManagementApplicationTests
[INFO] 
[INFO] Results:
[INFO] 
[INFO] Tests run: 1, Failures: 0, Errors: 0, Skipped: 0
[INFO] 
[INFO] 
[INFO] --- maven-jar-plugin:3.4.2:jar (default-jar) @ member-management ---
[INFO] Building jar: /Users/balaji/Documents/mac-mini/Projects.nosync/sapphire/services/member-management/target/member-management-1.0.3.jar
[INFO] 
[INFO] --- spring-boot-maven-plugin:3.4.0:repackage (repackage) @ member-management ---
[INFO] Replacing main artifact /Users/balaji/Documents/mac-mini/Projects.nosync/sapphire/services/member-management/target/member-management-1.0.3.jar with repackaged archive, adding nested dependencies in BOOT-INF/.
[INFO] The original artifact has been renamed to /Users/balaji/Documents/mac-mini/Projects.nosync/sapphire/services/member-management/target/member-management-1.0.3.jar.original
[INFO] 
[INFO] --- maven-source-plugin:3.2.1:jar-no-fork (attach-sources) @ member-management ---
[INFO] Building jar: /Users/balaji/Documents/mac-mini/Projects.nosync/sapphire/services/member-management/target/member-management-1.0.3-sources.jar
[INFO] 
[INFO] --- maven-javadoc-plugin:3.3.0:jar (attach-javadocs) @ member-management ---
[ERROR] Error fetching link: /Users/balaji/Documents/mac-mini/Projects.nosync/sapphire/services/member-management/target/javadoc-bundle-options. Ignored it.
[INFO] No previous run data found, generating javadoc.
[WARNING] Javadoc Warnings
[WARNING] Loading source files for package com.brihaspathee.sapphire.interceptors...
[WARNING] Loading source files for package com.brihaspathee.sapphire.feign.client...
[WARNING] Loading source files for package com.brihaspathee.sapphire.config...
[WARNING] Loading source files for package com.brihaspathee.sapphire.mapper.impl...
[WARNING] Loading source files for package com.brihaspathee.sapphire.mapper.interfaces...
[WARNING] Loading source files for package com.brihaspathee.sapphire...
[WARNING] Loading source files for package com.brihaspathee.sapphire.controller.impl...
[WARNING] Loading source files for package com.brihaspathee.sapphire.controller.interfaces...
[WARNING] Loading source files for package com.brihaspathee.sapphire.model...
[WARNING] Loading source files for package com.brihaspathee.sapphire.service.impl...
[WARNING] Loading source files for package com.brihaspathee.sapphire.service.interfaces...
[WARNING] Loading source files for package com.brihaspathee.sapphire.helper.impl...
[WARNING] Loading source files for package com.brihaspathee.sapphire.helper.interfaces...
[WARNING] Loading source files for package com.brihaspathee.sapphire.domain.repository...
[WARNING] Loading source files for package com.brihaspathee.sapphire.domain.elastic.repository...
[WARNING] Loading source files for package com.brihaspathee.sapphire.domain.elastic.index...
[WARNING] Loading source files for package com.brihaspathee.sapphire.domain.elastic.documents...
[WARNING] Loading source files for package com.brihaspathee.sapphire.domain.document...
[WARNING] Constructing Javadoc information...
[WARNING] Building index for all the packages and classes...
[WARNING] Standard Doclet version 21.0.3+7-LTS-152
[WARNING] Building tree for all the packages and classes...
[WARNING] /Users/balaji/Documents/mac-mini/Projects.nosync/sapphire/services/member-management/src/main/java/com/brihaspathee/sapphire/model/WelcomeDto.java:15: warning: no @param for welcomeMessage
[WARNING] public record WelcomeDto(
[WARNING] ^
[WARNING] Generating /Users/balaji/Documents/mac-mini/Projects.nosync/sapphire/services/member-management/target/apidocs/com/brihaspathee/sapphire/domain/document/Account.html...
[WARNING] /Users/balaji/Documents/mac-mini/Projects.nosync/sapphire/services/member-management/src/main/java/com/brihaspathee/sapphire/domain/document/Account.java:26: warning: use of default constructor, which does not provide a comment
[WARNING] public class Account {
[WARNING] ^
[WARNING] Generating /Users/balaji/Documents/mac-mini/Projects.nosync/sapphire/services/member-management/target/apidocs/com/brihaspathee/sapphire/controller/interfaces/AccountAPI.html...
[WARNING] /Users/balaji/Documents/mac-mini/Projects.nosync/sapphire/services/member-management/src/main/java/com/brihaspathee/sapphire/controller/interfaces/AccountAPI.java:34: warning: no comment
[WARNING] ResponseEntity<SapphireAPIResponse<String>> getAllAccounts();
[WARNING] ^
[WARNING] Generating /Users/balaji/Documents/mac-mini/Projects.nosync/sapphire/services/member-management/target/apidocs/com/brihaspathee/sapphire/controller/impl/AccountAPIImpl.html...
[WARNING] /Users/balaji/Documents/mac-mini/Projects.nosync/sapphire/services/member-management/src/main/java/com/brihaspathee/sapphire/controller/impl/AccountAPIImpl.java:29: warning: use of default constructor, which does not provide a comment
[WARNING] public class AccountAPIImpl implements AccountAPI {
[WARNING] ^
[WARNING] Generating /Users/balaji/Documents/mac-mini/Projects.nosync/sapphire/services/member-management/target/apidocs/com/brihaspathee/sapphire/model/AccountDto.html...
[WARNING] /Users/balaji/Documents/mac-mini/Projects.nosync/sapphire/services/member-management/src/main/java/com/brihaspathee/sapphire/model/AccountDto.java:21: warning: use of default constructor, which does not provide a comment
[WARNING] public class AccountDto {
[WARNING] ^
[WARNING] Generating /Users/balaji/Documents/mac-mini/Projects.nosync/sapphire/services/member-management/target/apidocs/com/brihaspathee/sapphire/mapper/interfaces/AccountMapper.html...
[WARNING] Generating /Users/balaji/Documents/mac-mini/Projects.nosync/sapphire/services/member-management/target/apidocs/com/brihaspathee/sapphire/mapper/impl/AccountMapperImpl.html...
[WARNING] /Users/balaji/Documents/mac-mini/Projects.nosync/sapphire/services/member-management/src/main/java/com/brihaspathee/sapphire/mapper/impl/AccountMapperImpl.java:22: warning: use of default constructor, which does not provide a comment
[WARNING] public class AccountMapperImpl implements AccountMapper {
[WARNING] ^
[WARNING] Generating /Users/balaji/Documents/mac-mini/Projects.nosync/sapphire/services/member-management/target/apidocs/com/brihaspathee/sapphire/domain/repository/AccountRepository.html...
[WARNING] Generating /Users/balaji/Documents/mac-mini/Projects.nosync/sapphire/services/member-management/target/apidocs/com/brihaspathee/sapphire/service/interfaces/AccountService.html...
[WARNING] Generating /Users/balaji/Documents/mac-mini/Projects.nosync/sapphire/services/member-management/target/apidocs/com/brihaspathee/sapphire/service/impl/AccountServiceImpl.html...
[WARNING] /Users/balaji/Documents/mac-mini/Projects.nosync/sapphire/services/member-management/src/main/java/com/brihaspathee/sapphire/service/impl/AccountServiceImpl.java:31: warning: use of default constructor, which does not provide a comment
[WARNING] public class AccountServiceImpl implements AccountService {
[WARNING] ^
[WARNING] Generating /Users/balaji/Documents/mac-mini/Projects.nosync/sapphire/services/member-management/target/apidocs/com/brihaspathee/sapphire/domain/document/Address.html...
[WARNING] /Users/balaji/Documents/mac-mini/Projects.nosync/sapphire/services/member-management/src/main/java/com/brihaspathee/sapphire/domain/document/Address.java:21: warning: use of default constructor, which does not provide a comment
[WARNING] public class Address {
[WARNING] ^
[WARNING] Generating /Users/balaji/Documents/mac-mini/Projects.nosync/sapphire/services/member-management/target/apidocs/com/brihaspathee/sapphire/model/AddressDto.html...
[WARNING] /Users/balaji/Documents/mac-mini/Projects.nosync/sapphire/services/member-management/src/main/java/com/brihaspathee/sapphire/model/AddressDto.java:21: warning: use of default constructor, which does not provide a comment
[WARNING] public class AddressDto {
[WARNING] ^
[WARNING] Generating /Users/balaji/Documents/mac-mini/Projects.nosync/sapphire/services/member-management/target/apidocs/com/brihaspathee/sapphire/mapper/interfaces/AddressMapper.html...
[WARNING] Generating /Users/balaji/Documents/mac-mini/Projects.nosync/sapphire/services/member-management/target/apidocs/com/brihaspathee/sapphire/mapper/impl/AddressMapperImpl.html...
[WARNING] /Users/balaji/Documents/mac-mini/Projects.nosync/sapphire/services/member-management/src/main/java/com/brihaspathee/sapphire/mapper/impl/AddressMapperImpl.java:24: warning: use of default constructor, which does not provide a comment
[WARNING] public class AddressMapperImpl implements AddressMapper {
[WARNING] ^
[WARNING] Generating /Users/balaji/Documents/mac-mini/Projects.nosync/sapphire/services/member-management/target/apidocs/com/brihaspathee/sapphire/config/CORSConfig.html...
[WARNING] /Users/balaji/Documents/mac-mini/Projects.nosync/sapphire/services/member-management/src/main/java/com/brihaspathee/sapphire/config/CORSConfig.java:17: warning: use of default constructor, which does not provide a comment
[WARNING] public class CORSConfig implements WebMvcConfigurer {
[WARNING] ^
[WARNING] Generating /Users/balaji/Documents/mac-mini/Projects.nosync/sapphire/services/member-management/target/apidocs/com/brihaspathee/sapphire/config/ElasticSearchConfig.html...
[WARNING] /Users/balaji/Documents/mac-mini/Projects.nosync/sapphire/services/member-management/src/main/java/com/brihaspathee/sapphire/config/ElasticSearchConfig.java:27: warning: use of default constructor, which does not provide a comment
[WARNING] public class ElasticSearchConfig {
[WARNING] ^
[WARNING] /Users/balaji/Documents/mac-mini/Projects.nosync/sapphire/services/member-management/src/main/java/com/brihaspathee/sapphire/config/ElasticSearchConfig.java:30: warning: no comment
[WARNING] public ElasticsearchClient elasticsearchClient() {
[WARNING] ^
[WARNING] Generating /Users/balaji/Documents/mac-mini/Projects.nosync/sapphire/services/member-management/target/apidocs/com/brihaspathee/sapphire/domain/document/EnrollmentSpan.html...
[WARNING] /Users/balaji/Documents/mac-mini/Projects.nosync/sapphire/services/member-management/src/main/java/com/brihaspathee/sapphire/domain/document/EnrollmentSpan.java:26: warning: use of default constructor, which does not provide a comment
[WARNING] public class EnrollmentSpan {
[WARNING] ^
[WARNING] Generating /Users/balaji/Documents/mac-mini/Projects.nosync/sapphire/services/member-management/target/apidocs/com/brihaspathee/sapphire/model/EnrollmentSpanDto.html...
[WARNING] /Users/balaji/Documents/mac-mini/Projects.nosync/sapphire/services/member-management/src/main/java/com/brihaspathee/sapphire/model/EnrollmentSpanDto.java:22: warning: use of default constructor, which does not provide a comment
[WARNING] public class EnrollmentSpanDto {
[WARNING] ^
[WARNING] Generating /Users/balaji/Documents/mac-mini/Projects.nosync/sapphire/services/member-management/target/apidocs/com/brihaspathee/sapphire/helper/interfaces/EnrollmentSpanHelper.html...
[WARNING] Generating /Users/balaji/Documents/mac-mini/Projects.nosync/sapphire/services/member-management/target/apidocs/com/brihaspathee/sapphire/helper/impl/EnrollmentSpanHelperImpl.html...
[WARNING] /Users/balaji/Documents/mac-mini/Projects.nosync/sapphire/services/member-management/src/main/java/com/brihaspathee/sapphire/helper/impl/EnrollmentSpanHelperImpl.java:30: warning: use of default constructor, which does not provide a comment
[WARNING] public class EnrollmentSpanHelperImpl implements EnrollmentSpanHelper {
[WARNING] ^
[WARNING] Generating /Users/balaji/Documents/mac-mini/Projects.nosync/sapphire/services/member-management/target/apidocs/com/brihaspathee/sapphire/mapper/interfaces/EnrollmentSpanMapper.html...
[WARNING] /Users/balaji/Documents/mac-mini/Projects.nosync/sapphire/services/member-management/src/main/java/com/brihaspathee/sapphire/mapper/interfaces/EnrollmentSpanMapper.java:21: warning: no comment
[WARNING] EnrollmentSpan toDocument(EnrollmentSpanDto enrollmentSpanDto);
[WARNING] ^
[WARNING] /Users/balaji/Documents/mac-mini/Projects.nosync/sapphire/services/member-management/src/main/java/com/brihaspathee/sapphire/mapper/interfaces/EnrollmentSpanMapper.java:25: warning: no comment
[WARNING] List<EnrollmentSpan> toDocuments(List<EnrollmentSpanDto> enrollmentSpanDtos);
[WARNING] ^
[WARNING] /Users/balaji/Documents/mac-mini/Projects.nosync/sapphire/services/member-management/src/main/java/com/brihaspathee/sapphire/mapper/interfaces/EnrollmentSpanMapper.java:19: warning: no comment
[WARNING] EnrollmentSpanDto toDto(EnrollmentSpan enrollmentSpan);
[WARNING] ^
[WARNING] /Users/balaji/Documents/mac-mini/Projects.nosync/sapphire/services/member-management/src/main/java/com/brihaspathee/sapphire/mapper/interfaces/EnrollmentSpanMapper.java:23: warning: no comment
[WARNING] List<EnrollmentSpanDto> toDtos(List<EnrollmentSpan> enrollmentSpans);
[WARNING] ^
[WARNING] Generating /Users/balaji/Documents/mac-mini/Projects.nosync/sapphire/services/member-management/target/apidocs/com/brihaspathee/sapphire/mapper/impl/EnrollmentSpanMapperImpl.html...
[WARNING] /Users/balaji/Documents/mac-mini/Projects.nosync/sapphire/services/member-management/src/main/java/com/brihaspathee/sapphire/mapper/impl/EnrollmentSpanMapperImpl.java:26: warning: use of default constructor, which does not provide a comment
[WARNING] public class EnrollmentSpanMapperImpl implements EnrollmentSpanMapper {
[WARNING] ^
[WARNING] Generating /Users/balaji/Documents/mac-mini/Projects.nosync/sapphire/services/member-management/target/apidocs/com/brihaspathee/sapphire/domain/repository/EnrollmentSpanRepository.html...
[WARNING] Generating /Users/balaji/Documents/mac-mini/Projects.nosync/sapphire/services/member-management/target/apidocs/com/brihaspathee/sapphire/controller/interfaces/IndexAPI.html...
[WARNING] /Users/balaji/Documents/mac-mini/Projects.nosync/sapphire/services/member-management/src/main/java/com/brihaspathee/sapphire/controller/interfaces/IndexAPI.java:26: warning: no @throws for java.io.IOException
[WARNING] void recreateAllIndexes() throws IOException;
[WARNING] ^
[WARNING] Generating /Users/balaji/Documents/mac-mini/Projects.nosync/sapphire/services/member-management/target/apidocs/com/brihaspathee/sapphire/controller/impl/IndexAPIImpl.html...
[WARNING] /Users/balaji/Documents/mac-mini/Projects.nosync/sapphire/services/member-management/src/main/java/com/brihaspathee/sapphire/controller/impl/IndexAPIImpl.java:23: warning: use of default constructor, which does not provide a comment
[WARNING] public class IndexAPIImpl implements IndexAPI {
[WARNING] ^
[WARNING] Generating /Users/balaji/Documents/mac-mini/Projects.nosync/sapphire/services/member-management/target/apidocs/com/brihaspathee/sapphire/domain/elastic/index/Indexes.html...
[WARNING] /Users/balaji/Documents/mac-mini/Projects.nosync/sapphire/services/member-management/src/main/java/com/brihaspathee/sapphire/domain/elastic/index/Indexes.java:14: warning: no comment
[WARNING] public static final String MEMBER_INDEX = "member";
[WARNING] ^
[WARNING] /Users/balaji/Documents/mac-mini/Projects.nosync/sapphire/services/member-management/src/main/java/com/brihaspathee/sapphire/domain/elastic/index/Indexes.java:12: warning: use of default constructor, which does not provide a comment
[WARNING] public final class Indexes {
[WARNING] ^
[WARNING] Generating /Users/balaji/Documents/mac-mini/Projects.nosync/sapphire/services/member-management/target/apidocs/com/brihaspathee/sapphire/service/interfaces/IndexService.html...
[WARNING] /Users/balaji/Documents/mac-mini/Projects.nosync/sapphire/services/member-management/src/main/java/com/brihaspathee/sapphire/service/interfaces/IndexService.java:16: warning: no comment
[WARNING] void recreateIndexes() throws IOException;
[WARNING] ^
[WARNING] Generating /Users/balaji/Documents/mac-mini/Projects.nosync/sapphire/services/member-management/target/apidocs/com/brihaspathee/sapphire/service/impl/IndexServiceImpl.html...
[WARNING] /Users/balaji/Documents/mac-mini/Projects.nosync/sapphire/services/member-management/src/main/java/com/brihaspathee/sapphire/service/impl/IndexServiceImpl.java:35: warning: use of default constructor, which does not provide a comment
[WARNING] public class IndexServiceImpl implements IndexService {
[WARNING] ^
[WARNING] Generating /Users/balaji/Documents/mac-mini/Projects.nosync/sapphire/services/member-management/target/apidocs/com/brihaspathee/sapphire/domain/document/Member.html...
[WARNING] /Users/balaji/Documents/mac-mini/Projects.nosync/sapphire/services/member-management/src/main/java/com/brihaspathee/sapphire/domain/document/Member.java:26: warning: use of default constructor, which does not provide a comment
[WARNING] public class Member {
[WARNING] ^
[WARNING] Generating /Users/balaji/Documents/mac-mini/Projects.nosync/sapphire/services/member-management/target/apidocs/com/brihaspathee/sapphire/domain/elastic/documents/Member.html...
[WARNING] /Users/balaji/Documents/mac-mini/Projects.nosync/sapphire/services/member-management/src/main/java/com/brihaspathee/sapphire/domain/elastic/documents/Member.java:36: warning: use of default constructor, which does not provide a comment
[WARNING] public class Member {
[WARNING] ^
[WARNING] Generating /Users/balaji/Documents/mac-mini/Projects.nosync/sapphire/services/member-management/target/apidocs/com/brihaspathee/sapphire/helper/interfaces/MemberAddressHelper.html...
[WARNING] Generating /Users/balaji/Documents/mac-mini/Projects.nosync/sapphire/services/member-management/target/apidocs/com/brihaspathee/sapphire/helper/impl/MemberAddressHelperImpl.html...
[WARNING] /Users/balaji/Documents/mac-mini/Projects.nosync/sapphire/services/member-management/src/main/java/com/brihaspathee/sapphire/helper/impl/MemberAddressHelperImpl.java:24: warning: use of default constructor, which does not provide a comment
[WARNING] public class MemberAddressHelperImpl implements MemberAddressHelper {
[WARNING] ^
[WARNING] Generating /Users/balaji/Documents/mac-mini/Projects.nosync/sapphire/services/member-management/target/apidocs/com/brihaspathee/sapphire/controller/interfaces/MemberAPI.html...
[WARNING] /Users/balaji/Documents/mac-mini/Projects.nosync/sapphire/services/member-management/src/main/java/com/brihaspathee/sapphire/controller/interfaces/MemberAPI.java:40: warning: no @throws for java.io.IOException
[WARNING] ResponseEntity<Long> addMemberUsingClient(@Valid @RequestBody Member member) throws IOException;
[WARNING] ^
[WARNING] /Users/balaji/Documents/mac-mini/Projects.nosync/sapphire/services/member-management/src/main/java/com/brihaspathee/sapphire/controller/interfaces/MemberAPI.java:81: warning: no @throws for java.io.IOException
[WARNING] ResponseEntity<MemberList> searchMembers(@Valid @RequestBody MemberSearchParamDto searchParam) throws IOException;
[WARNING] ^
[WARNING] Generating /Users/balaji/Documents/mac-mini/Projects.nosync/sapphire/services/member-management/target/apidocs/com/brihaspathee/sapphire/controller/impl/MemberAPIImpl.html...
[WARNING] /Users/balaji/Documents/mac-mini/Projects.nosync/sapphire/services/member-management/src/main/java/com/brihaspathee/sapphire/controller/impl/MemberAPIImpl.java:29: warning: use of default constructor, which does not provide a comment
[WARNING] public class MemberAPIImpl implements MemberAPI {
[WARNING] ^
[WARNING] Generating /Users/balaji/Documents/mac-mini/Projects.nosync/sapphire/services/member-management/target/apidocs/com/brihaspathee/sapphire/model/MemberDto.html...
[WARNING] /Users/balaji/Documents/mac-mini/Projects.nosync/sapphire/services/member-management/src/main/java/com/brihaspathee/sapphire/model/MemberDto.java:22: warning: use of default constructor, which does not provide a comment
[WARNING] public class MemberDto {
[WARNING] ^
[WARNING] Generating /Users/balaji/Documents/mac-mini/Projects.nosync/sapphire/services/member-management/target/apidocs/com/brihaspathee/sapphire/domain/elastic/repository/MemberElasticRepository.html...
[WARNING] Generating /Users/balaji/Documents/mac-mini/Projects.nosync/sapphire/services/member-management/target/apidocs/com/brihaspathee/sapphire/service/interfaces/MemberElasticService.html...
[WARNING] /Users/balaji/Documents/mac-mini/Projects.nosync/sapphire/services/member-management/src/main/java/com/brihaspathee/sapphire/service/interfaces/MemberElasticService.java:80: warning: no @throws for java.io.IOException
[WARNING] List<Member> memberSearch(MemberSearchParamDto searchParamDto) throws IOException;
[WARNING] ^
[WARNING] Generating /Users/balaji/Documents/mac-mini/Projects.nosync/sapphire/services/member-management/target/apidocs/com/brihaspathee/sapphire/service/impl/MemberElasticServiceImpl.html...
[WARNING] /Users/balaji/Documents/mac-mini/Projects.nosync/sapphire/services/member-management/src/main/java/com/brihaspathee/sapphire/service/impl/MemberElasticServiceImpl.java:42: warning: use of default constructor, which does not provide a comment
[WARNING] public class MemberElasticServiceImpl implements MemberElasticService {
[WARNING] ^
[WARNING] Generating /Users/balaji/Documents/mac-mini/Projects.nosync/sapphire/services/member-management/target/apidocs/com/brihaspathee/sapphire/model/MemberList.html...
[WARNING] /Users/balaji/Documents/mac-mini/Projects.nosync/sapphire/services/member-management/src/main/java/com/brihaspathee/sapphire/model/MemberList.java:22: warning: use of default constructor, which does not provide a comment
[WARNING] public class MemberList {
[WARNING] ^
[WARNING] Generating /Users/balaji/Documents/mac-mini/Projects.nosync/sapphire/services/member-management/target/apidocs/com/brihaspathee/sapphire/MemberManagementApplication.html...
[WARNING] /Users/balaji/Documents/mac-mini/Projects.nosync/sapphire/services/member-management/src/main/java/com/brihaspathee/sapphire/MemberManagementApplication.java:13: warning: no comment
[WARNING] public class MemberManagementApplication {
[WARNING] ^
[WARNING] /Users/balaji/Documents/mac-mini/Projects.nosync/sapphire/services/member-management/src/main/java/com/brihaspathee/sapphire/MemberManagementApplication.java:13: warning: use of default constructor, which does not provide a comment
[WARNING] public class MemberManagementApplication {
[WARNING] ^
[WARNING] /Users/balaji/Documents/mac-mini/Projects.nosync/sapphire/services/member-management/src/main/java/com/brihaspathee/sapphire/MemberManagementApplication.java:23: warning: no comment
[WARNING] public void logConfig() {
[WARNING] ^
[WARNING] /Users/balaji/Documents/mac-mini/Projects.nosync/sapphire/services/member-management/src/main/java/com/brihaspathee/sapphire/MemberManagementApplication.java:18: warning: no comment
[WARNING] public static void main(String[] args) {
[WARNING] ^
[WARNING] Generating /Users/balaji/Documents/mac-mini/Projects.nosync/sapphire/services/member-management/target/apidocs/com/brihaspathee/sapphire/mapper/interfaces/MemberMapper.html...
[WARNING] /Users/balaji/Documents/mac-mini/Projects.nosync/sapphire/services/member-management/src/main/java/com/brihaspathee/sapphire/mapper/interfaces/MemberMapper.java:28: warning: empty comment
[WARNING] List<Member> toDocuments(List<MemberDto> memberDtos);
[WARNING] ^
[WARNING] /Users/balaji/Documents/mac-mini/Projects.nosync/sapphire/services/member-management/src/main/java/com/brihaspathee/sapphire/mapper/interfaces/MemberMapper.java:21: warning: no comment
[WARNING] Member toDocument(MemberDto memberDto);
[WARNING] ^
[WARNING] /Users/balaji/Documents/mac-mini/Projects.nosync/sapphire/services/member-management/src/main/java/com/brihaspathee/sapphire/mapper/interfaces/MemberMapper.java:19: warning: no comment
[WARNING] MemberDto toDto(Member member);
[WARNING] ^
[WARNING] /Users/balaji/Documents/mac-mini/Projects.nosync/sapphire/services/member-management/src/main/java/com/brihaspathee/sapphire/mapper/interfaces/MemberMapper.java:23: warning: no comment
[WARNING] List<MemberDto> toDtos(List<Member> members);
[WARNING] ^
[WARNING] Generating /Users/balaji/Documents/mac-mini/Projects.nosync/sapphire/services/member-management/target/apidocs/com/brihaspathee/sapphire/mapper/impl/MemberMapperImpl.html...
[WARNING] /Users/balaji/Documents/mac-mini/Projects.nosync/sapphire/services/member-management/src/main/java/com/brihaspathee/sapphire/mapper/impl/MemberMapperImpl.java:26: warning: use of default constructor, which does not provide a comment
[WARNING] public class MemberMapperImpl implements MemberMapper {
[WARNING] ^
[WARNING] Generating /Users/balaji/Documents/mac-mini/Projects.nosync/sapphire/services/member-management/target/apidocs/com/brihaspathee/sapphire/domain/document/MemberPremium.html...
[WARNING] /Users/balaji/Documents/mac-mini/Projects.nosync/sapphire/services/member-management/src/main/java/com/brihaspathee/sapphire/domain/document/MemberPremium.java:21: warning: use of default constructor, which does not provide a comment
[WARNING] public class MemberPremium {
[WARNING] ^
[WARNING] Generating /Users/balaji/Documents/mac-mini/Projects.nosync/sapphire/services/member-management/target/apidocs/com/brihaspathee/sapphire/model/MemberPremiumDto.html...
[WARNING] /Users/balaji/Documents/mac-mini/Projects.nosync/sapphire/services/member-management/src/main/java/com/brihaspathee/sapphire/model/MemberPremiumDto.java:21: warning: use of default constructor, which does not provide a comment
[WARNING] public class MemberPremiumDto {
[WARNING] ^
[WARNING] Generating /Users/balaji/Documents/mac-mini/Projects.nosync/sapphire/services/member-management/target/apidocs/com/brihaspathee/sapphire/mapper/interfaces/MemberPremiumMapper.html...
[WARNING] Generating /Users/balaji/Documents/mac-mini/Projects.nosync/sapphire/services/member-management/target/apidocs/com/brihaspathee/sapphire/mapper/impl/MemberPremiumMapperImpl.html...
[WARNING] /Users/balaji/Documents/mac-mini/Projects.nosync/sapphire/services/member-management/src/main/java/com/brihaspathee/sapphire/mapper/impl/MemberPremiumMapperImpl.java:24: warning: use of default constructor, which does not provide a comment
[WARNING] public class MemberPremiumMapperImpl implements MemberPremiumMapper {
[WARNING] ^
[WARNING] Generating /Users/balaji/Documents/mac-mini/Projects.nosync/sapphire/services/member-management/target/apidocs/com/brihaspathee/sapphire/domain/repository/MemberRepository.html...
[WARNING] Generating /Users/balaji/Documents/mac-mini/Projects.nosync/sapphire/services/member-management/target/apidocs/com/brihaspathee/sapphire/model/MemberSearchParamDto.html...
[WARNING] /Users/balaji/Documents/mac-mini/Projects.nosync/sapphire/services/member-management/src/main/java/com/brihaspathee/sapphire/model/MemberSearchParamDto.java:32: warning: use of default constructor, which does not provide a comment
[WARNING] public class MemberSearchParamDto {
[WARNING] ^
[WARNING] Generating /Users/balaji/Documents/mac-mini/Projects.nosync/sapphire/services/member-management/target/apidocs/com/brihaspathee/sapphire/service/interfaces/MemberService.html...
[WARNING] Generating /Users/balaji/Documents/mac-mini/Projects.nosync/sapphire/services/member-management/target/apidocs/com/brihaspathee/sapphire/service/impl/MemberServiceImpl.html...
[WARNING] /Users/balaji/Documents/mac-mini/Projects.nosync/sapphire/services/member-management/src/main/java/com/brihaspathee/sapphire/service/impl/MemberServiceImpl.java:27: warning: use of default constructor, which does not provide a comment
[WARNING] public class MemberServiceImpl implements MemberService {
[WARNING] ^
[WARNING] Generating /Users/balaji/Documents/mac-mini/Projects.nosync/sapphire/services/member-management/target/apidocs/com/brihaspathee/sapphire/feign/client/PremiumBillingClient.html...
[WARNING] /Users/balaji/Documents/mac-mini/Projects.nosync/sapphire/services/member-management/src/main/java/com/brihaspathee/sapphire/feign/client/PremiumBillingClient.java:23: warning: no comment
[WARNING] WelcomeDto welcomeMessage();
[WARNING] ^
[WARNING] Generating /Users/balaji/Documents/mac-mini/Projects.nosync/sapphire/services/member-management/target/apidocs/com/brihaspathee/sapphire/domain/document/PremiumSpan.html...
[WARNING] /Users/balaji/Documents/mac-mini/Projects.nosync/sapphire/services/member-management/src/main/java/com/brihaspathee/sapphire/domain/document/PremiumSpan.java:25: warning: use of default constructor, which does not provide a comment
[WARNING] public class PremiumSpan {
[WARNING] ^
[WARNING] Generating /Users/balaji/Documents/mac-mini/Projects.nosync/sapphire/services/member-management/target/apidocs/com/brihaspathee/sapphire/model/PremiumSpanDto.html...
[WARNING] /Users/balaji/Documents/mac-mini/Projects.nosync/sapphire/services/member-management/src/main/java/com/brihaspathee/sapphire/model/PremiumSpanDto.java:23: warning: use of default constructor, which does not provide a comment
[WARNING] public class PremiumSpanDto {
[WARNING] ^
[WARNING] Generating /Users/balaji/Documents/mac-mini/Projects.nosync/sapphire/services/member-management/target/apidocs/com/brihaspathee/sapphire/helper/interfaces/PremiumSpanHelper.html...
[WARNING] Generating /Users/balaji/Documents/mac-mini/Projects.nosync/sapphire/services/member-management/target/apidocs/com/brihaspathee/sapphire/helper/impl/PremiumSpanHelperImpl.html...
[WARNING] /Users/balaji/Documents/mac-mini/Projects.nosync/sapphire/services/member-management/src/main/java/com/brihaspathee/sapphire/helper/impl/PremiumSpanHelperImpl.java:28: warning: use of default constructor, which does not provide a comment
[WARNING] public class PremiumSpanHelperImpl implements PremiumSpanHelper {
[WARNING] ^
[WARNING] Generating /Users/balaji/Documents/mac-mini/Projects.nosync/sapphire/services/member-management/target/apidocs/com/brihaspathee/sapphire/mapper/interfaces/PremiumSpanMapper.html...
[WARNING] Generating /Users/balaji/Documents/mac-mini/Projects.nosync/sapphire/services/member-management/target/apidocs/com/brihaspathee/sapphire/mapper/impl/PremiumSpanMapperImpl.html...
[WARNING] /Users/balaji/Documents/mac-mini/Projects.nosync/sapphire/services/member-management/src/main/java/com/brihaspathee/sapphire/mapper/impl/PremiumSpanMapperImpl.java:25: warning: use of default constructor, which does not provide a comment
[WARNING] public class PremiumSpanMapperImpl implements PremiumSpanMapper {
[WARNING] ^
[WARNING] Generating /Users/balaji/Documents/mac-mini/Projects.nosync/sapphire/services/member-management/target/apidocs/com/brihaspathee/sapphire/domain/repository/PremiumSpanRepository.html...
[WARNING] Generating /Users/balaji/Documents/mac-mini/Projects.nosync/sapphire/services/member-management/target/apidocs/com/brihaspathee/sapphire/interceptors/UserContextInterceptor.html...
[WARNING] /Users/balaji/Documents/mac-mini/Projects.nosync/sapphire/services/member-management/src/main/java/com/brihaspathee/sapphire/interceptors/UserContextInterceptor.java:44: warning: use of default constructor, which does not provide a comment
[WARNING] public class UserContextInterceptor implements HandlerInterceptor {
[WARNING] ^
[WARNING] Generating /Users/balaji/Documents/mac-mini/Projects.nosync/sapphire/services/member-management/target/apidocs/com/brihaspathee/sapphire/config/WebMvcConfig.html...
[WARNING] /Users/balaji/Documents/mac-mini/Projects.nosync/sapphire/services/member-management/src/main/java/com/brihaspathee/sapphire/config/WebMvcConfig.java:24: warning: use of default constructor, which does not provide a comment
[WARNING] public class WebMvcConfig implements WebMvcConfigurer {
[WARNING] ^
[WARNING] Generating /Users/balaji/Documents/mac-mini/Projects.nosync/sapphire/services/member-management/target/apidocs/com/brihaspathee/sapphire/controller/interfaces/WelcomeAPI.html...
[WARNING] Generating /Users/balaji/Documents/mac-mini/Projects.nosync/sapphire/services/member-management/target/apidocs/com/brihaspathee/sapphire/controller/impl/WelcomeAPIImpl.html...
[WARNING] /Users/balaji/Documents/mac-mini/Projects.nosync/sapphire/services/member-management/src/main/java/com/brihaspathee/sapphire/controller/impl/WelcomeAPIImpl.java:27: warning: use of default constructor, which does not provide a comment
[WARNING] public class WelcomeAPIImpl implements WelcomeAPI {
[WARNING] ^
[WARNING] Generating /Users/balaji/Documents/mac-mini/Projects.nosync/sapphire/services/member-management/target/apidocs/com/brihaspathee/sapphire/model/WelcomeDto.html...
[WARNING] Generating /Users/balaji/Documents/mac-mini/Projects.nosync/sapphire/services/member-management/target/apidocs/com/brihaspathee/sapphire/service/interfaces/WelcomeService.html...
[WARNING] Generating /Users/balaji/Documents/mac-mini/Projects.nosync/sapphire/services/member-management/target/apidocs/com/brihaspathee/sapphire/service/impl/WelcomeServiceImpl.html...
[WARNING] /Users/balaji/Documents/mac-mini/Projects.nosync/sapphire/services/member-management/src/main/java/com/brihaspathee/sapphire/service/impl/WelcomeServiceImpl.java:22: warning: use of default constructor, which does not provide a comment
[WARNING] public class WelcomeServiceImpl implements WelcomeService {
[WARNING] ^
[WARNING] Generating /Users/balaji/Documents/mac-mini/Projects.nosync/sapphire/services/member-management/target/apidocs/com/brihaspathee/sapphire/package-summary.html...
[WARNING] Generating /Users/balaji/Documents/mac-mini/Projects.nosync/sapphire/services/member-management/target/apidocs/com/brihaspathee/sapphire/package-tree.html...
[WARNING] Generating /Users/balaji/Documents/mac-mini/Projects.nosync/sapphire/services/member-management/target/apidocs/com/brihaspathee/sapphire/config/package-summary.html...
[WARNING] Generating /Users/balaji/Documents/mac-mini/Projects.nosync/sapphire/services/member-management/target/apidocs/com/brihaspathee/sapphire/config/package-tree.html...
[WARNING] Generating /Users/balaji/Documents/mac-mini/Projects.nosync/sapphire/services/member-management/target/apidocs/com/brihaspathee/sapphire/controller/impl/package-summary.html...
[WARNING] Generating /Users/balaji/Documents/mac-mini/Projects.nosync/sapphire/services/member-management/target/apidocs/com/brihaspathee/sapphire/controller/impl/package-tree.html...
[WARNING] Generating /Users/balaji/Documents/mac-mini/Projects.nosync/sapphire/services/member-management/target/apidocs/com/brihaspathee/sapphire/controller/interfaces/package-summary.html...
[WARNING] Generating /Users/balaji/Documents/mac-mini/Projects.nosync/sapphire/services/member-management/target/apidocs/com/brihaspathee/sapphire/controller/interfaces/package-tree.html...
[WARNING] Generating /Users/balaji/Documents/mac-mini/Projects.nosync/sapphire/services/member-management/target/apidocs/com/brihaspathee/sapphire/domain/document/package-summary.html...
[WARNING] Generating /Users/balaji/Documents/mac-mini/Projects.nosync/sapphire/services/member-management/target/apidocs/com/brihaspathee/sapphire/domain/document/package-tree.html...
[WARNING] Generating /Users/balaji/Documents/mac-mini/Projects.nosync/sapphire/services/member-management/target/apidocs/com/brihaspathee/sapphire/domain/elastic/documents/package-summary.html...
[WARNING] Generating /Users/balaji/Documents/mac-mini/Projects.nosync/sapphire/services/member-management/target/apidocs/com/brihaspathee/sapphire/domain/elastic/documents/package-tree.html...
[WARNING] Generating /Users/balaji/Documents/mac-mini/Projects.nosync/sapphire/services/member-management/target/apidocs/com/brihaspathee/sapphire/domain/elastic/index/package-summary.html...
[WARNING] Generating /Users/balaji/Documents/mac-mini/Projects.nosync/sapphire/services/member-management/target/apidocs/com/brihaspathee/sapphire/domain/elastic/index/package-tree.html...
[WARNING] Generating /Users/balaji/Documents/mac-mini/Projects.nosync/sapphire/services/member-management/target/apidocs/com/brihaspathee/sapphire/domain/elastic/repository/package-summary.html...
[WARNING] Generating /Users/balaji/Documents/mac-mini/Projects.nosync/sapphire/services/member-management/target/apidocs/com/brihaspathee/sapphire/domain/elastic/repository/package-tree.html...
[WARNING] Generating /Users/balaji/Documents/mac-mini/Projects.nosync/sapphire/services/member-management/target/apidocs/com/brihaspathee/sapphire/domain/repository/package-summary.html...
[WARNING] Generating /Users/balaji/Documents/mac-mini/Projects.nosync/sapphire/services/member-management/target/apidocs/com/brihaspathee/sapphire/domain/repository/package-tree.html...
[WARNING] Generating /Users/balaji/Documents/mac-mini/Projects.nosync/sapphire/services/member-management/target/apidocs/com/brihaspathee/sapphire/feign/client/package-summary.html...
[WARNING] Generating /Users/balaji/Documents/mac-mini/Projects.nosync/sapphire/services/member-management/target/apidocs/com/brihaspathee/sapphire/feign/client/package-tree.html...
[WARNING] Generating /Users/balaji/Documents/mac-mini/Projects.nosync/sapphire/services/member-management/target/apidocs/com/brihaspathee/sapphire/helper/impl/package-summary.html...
[WARNING] Generating /Users/balaji/Documents/mac-mini/Projects.nosync/sapphire/services/member-management/target/apidocs/com/brihaspathee/sapphire/helper/impl/package-tree.html...
[WARNING] Generating /Users/balaji/Documents/mac-mini/Projects.nosync/sapphire/services/member-management/target/apidocs/com/brihaspathee/sapphire/helper/interfaces/package-summary.html...
[WARNING] Generating /Users/balaji/Documents/mac-mini/Projects.nosync/sapphire/services/member-management/target/apidocs/com/brihaspathee/sapphire/helper/interfaces/package-tree.html...
[WARNING] Generating /Users/balaji/Documents/mac-mini/Projects.nosync/sapphire/services/member-management/target/apidocs/com/brihaspathee/sapphire/interceptors/package-summary.html...
[WARNING] Generating /Users/balaji/Documents/mac-mini/Projects.nosync/sapphire/services/member-management/target/apidocs/com/brihaspathee/sapphire/interceptors/package-tree.html...
[WARNING] Generating /Users/balaji/Documents/mac-mini/Projects.nosync/sapphire/services/member-management/target/apidocs/com/brihaspathee/sapphire/mapper/impl/package-summary.html...
[WARNING] Generating /Users/balaji/Documents/mac-mini/Projects.nosync/sapphire/services/member-management/target/apidocs/com/brihaspathee/sapphire/mapper/impl/package-tree.html...
[WARNING] Generating /Users/balaji/Documents/mac-mini/Projects.nosync/sapphire/services/member-management/target/apidocs/com/brihaspathee/sapphire/mapper/interfaces/package-summary.html...
[WARNING] Generating /Users/balaji/Documents/mac-mini/Projects.nosync/sapphire/services/member-management/target/apidocs/com/brihaspathee/sapphire/mapper/interfaces/package-tree.html...
[WARNING] Generating /Users/balaji/Documents/mac-mini/Projects.nosync/sapphire/services/member-management/target/apidocs/com/brihaspathee/sapphire/model/package-summary.html...
[WARNING] Generating /Users/balaji/Documents/mac-mini/Projects.nosync/sapphire/services/member-management/target/apidocs/com/brihaspathee/sapphire/model/package-tree.html...
[WARNING] Generating /Users/balaji/Documents/mac-mini/Projects.nosync/sapphire/services/member-management/target/apidocs/com/brihaspathee/sapphire/service/impl/package-summary.html...
[WARNING] Generating /Users/balaji/Documents/mac-mini/Projects.nosync/sapphire/services/member-management/target/apidocs/com/brihaspathee/sapphire/service/impl/package-tree.html...
[WARNING] Generating /Users/balaji/Documents/mac-mini/Projects.nosync/sapphire/services/member-management/target/apidocs/com/brihaspathee/sapphire/service/interfaces/package-summary.html...
[WARNING] Generating /Users/balaji/Documents/mac-mini/Projects.nosync/sapphire/services/member-management/target/apidocs/com/brihaspathee/sapphire/service/interfaces/package-tree.html...
[WARNING] Generating /Users/balaji/Documents/mac-mini/Projects.nosync/sapphire/services/member-management/target/apidocs/constant-values.html...
[WARNING] Generating /Users/balaji/Documents/mac-mini/Projects.nosync/sapphire/services/member-management/target/apidocs/com/brihaspathee/sapphire/interceptors/class-use/UserContextInterceptor.html...
[WARNING] Generating /Users/balaji/Documents/mac-mini/Projects.nosync/sapphire/services/member-management/target/apidocs/com/brihaspathee/sapphire/feign/client/class-use/PremiumBillingClient.html...
[WARNING] Generating /Users/balaji/Documents/mac-mini/Projects.nosync/sapphire/services/member-management/target/apidocs/com/brihaspathee/sapphire/config/class-use/WebMvcConfig.html...
[WARNING] Generating /Users/balaji/Documents/mac-mini/Projects.nosync/sapphire/services/member-management/target/apidocs/com/brihaspathee/sapphire/config/class-use/ElasticSearchConfig.html...
[WARNING] Generating /Users/balaji/Documents/mac-mini/Projects.nosync/sapphire/services/member-management/target/apidocs/com/brihaspathee/sapphire/config/class-use/CORSConfig.html...
[WARNING] Generating /Users/balaji/Documents/mac-mini/Projects.nosync/sapphire/services/member-management/target/apidocs/com/brihaspathee/sapphire/mapper/impl/class-use/MemberPremiumMapperImpl.html...
[WARNING] Generating /Users/balaji/Documents/mac-mini/Projects.nosync/sapphire/services/member-management/target/apidocs/com/brihaspathee/sapphire/mapper/impl/class-use/EnrollmentSpanMapperImpl.html...
[WARNING] Generating /Users/balaji/Documents/mac-mini/Projects.nosync/sapphire/services/member-management/target/apidocs/com/brihaspathee/sapphire/mapper/impl/class-use/AddressMapperImpl.html...
[WARNING] Generating /Users/balaji/Documents/mac-mini/Projects.nosync/sapphire/services/member-management/target/apidocs/com/brihaspathee/sapphire/mapper/impl/class-use/MemberMapperImpl.html...
[WARNING] Generating /Users/balaji/Documents/mac-mini/Projects.nosync/sapphire/services/member-management/target/apidocs/com/brihaspathee/sapphire/mapper/impl/class-use/AccountMapperImpl.html...
[WARNING] Generating /Users/balaji/Documents/mac-mini/Projects.nosync/sapphire/services/member-management/target/apidocs/com/brihaspathee/sapphire/mapper/impl/class-use/PremiumSpanMapperImpl.html...
[WARNING] Generating /Users/balaji/Documents/mac-mini/Projects.nosync/sapphire/services/member-management/target/apidocs/com/brihaspathee/sapphire/mapper/interfaces/class-use/AccountMapper.html...
[WARNING] Generating /Users/balaji/Documents/mac-mini/Projects.nosync/sapphire/services/member-management/target/apidocs/com/brihaspathee/sapphire/mapper/interfaces/class-use/PremiumSpanMapper.html...
[WARNING] Generating /Users/balaji/Documents/mac-mini/Projects.nosync/sapphire/services/member-management/target/apidocs/com/brihaspathee/sapphire/mapper/interfaces/class-use/MemberPremiumMapper.html...
[WARNING] Generating /Users/balaji/Documents/mac-mini/Projects.nosync/sapphire/services/member-management/target/apidocs/com/brihaspathee/sapphire/mapper/interfaces/class-use/EnrollmentSpanMapper.html...
[WARNING] Generating /Users/balaji/Documents/mac-mini/Projects.nosync/sapphire/services/member-management/target/apidocs/com/brihaspathee/sapphire/mapper/interfaces/class-use/MemberMapper.html...
[WARNING] Generating /Users/balaji/Documents/mac-mini/Projects.nosync/sapphire/services/member-management/target/apidocs/com/brihaspathee/sapphire/mapper/interfaces/class-use/AddressMapper.html...
[WARNING] Generating /Users/balaji/Documents/mac-mini/Projects.nosync/sapphire/services/member-management/target/apidocs/com/brihaspathee/sapphire/class-use/MemberManagementApplication.html...
[WARNING] Generating /Users/balaji/Documents/mac-mini/Projects.nosync/sapphire/services/member-management/target/apidocs/com/brihaspathee/sapphire/controller/impl/class-use/AccountAPIImpl.html...
[WARNING] Generating /Users/balaji/Documents/mac-mini/Projects.nosync/sapphire/services/member-management/target/apidocs/com/brihaspathee/sapphire/controller/impl/class-use/IndexAPIImpl.html...
[WARNING] Generating /Users/balaji/Documents/mac-mini/Projects.nosync/sapphire/services/member-management/target/apidocs/com/brihaspathee/sapphire/controller/impl/class-use/MemberAPIImpl.html...
[WARNING] Generating /Users/balaji/Documents/mac-mini/Projects.nosync/sapphire/services/member-management/target/apidocs/com/brihaspathee/sapphire/controller/impl/class-use/WelcomeAPIImpl.html...
[WARNING] Generating /Users/balaji/Documents/mac-mini/Projects.nosync/sapphire/services/member-management/target/apidocs/com/brihaspathee/sapphire/controller/interfaces/class-use/IndexAPI.html...
[WARNING] Generating /Users/balaji/Documents/mac-mini/Projects.nosync/sapphire/services/member-management/target/apidocs/com/brihaspathee/sapphire/controller/interfaces/class-use/MemberAPI.html...
[WARNING] Generating /Users/balaji/Documents/mac-mini/Projects.nosync/sapphire/services/member-management/target/apidocs/com/brihaspathee/sapphire/controller/interfaces/class-use/AccountAPI.html...
[WARNING] Generating /Users/balaji/Documents/mac-mini/Projects.nosync/sapphire/services/member-management/target/apidocs/com/brihaspathee/sapphire/controller/interfaces/class-use/WelcomeAPI.html...
[WARNING] Generating /Users/balaji/Documents/mac-mini/Projects.nosync/sapphire/services/member-management/target/apidocs/com/brihaspathee/sapphire/model/class-use/MemberPremiumDto.html...
[WARNING] Generating /Users/balaji/Documents/mac-mini/Projects.nosync/sapphire/services/member-management/target/apidocs/com/brihaspathee/sapphire/model/class-use/WelcomeDto.html...
[WARNING] Generating /Users/balaji/Documents/mac-mini/Projects.nosync/sapphire/services/member-management/target/apidocs/com/brihaspathee/sapphire/model/class-use/AccountDto.html...
[WARNING] Generating /Users/balaji/Documents/mac-mini/Projects.nosync/sapphire/services/member-management/target/apidocs/com/brihaspathee/sapphire/model/class-use/PremiumSpanDto.html...
[WARNING] Generating /Users/balaji/Documents/mac-mini/Projects.nosync/sapphire/services/member-management/target/apidocs/com/brihaspathee/sapphire/model/class-use/EnrollmentSpanDto.html...
[WARNING] Generating /Users/balaji/Documents/mac-mini/Projects.nosync/sapphire/services/member-management/target/apidocs/com/brihaspathee/sapphire/model/class-use/MemberSearchParamDto.html...
[WARNING] Generating /Users/balaji/Documents/mac-mini/Projects.nosync/sapphire/services/member-management/target/apidocs/com/brihaspathee/sapphire/model/class-use/MemberList.html...
[WARNING] Generating /Users/balaji/Documents/mac-mini/Projects.nosync/sapphire/services/member-management/target/apidocs/com/brihaspathee/sapphire/model/class-use/MemberDto.html...
[WARNING] Generating /Users/balaji/Documents/mac-mini/Projects.nosync/sapphire/services/member-management/target/apidocs/com/brihaspathee/sapphire/model/class-use/AddressDto.html...
[WARNING] Generating /Users/balaji/Documents/mac-mini/Projects.nosync/sapphire/services/member-management/target/apidocs/com/brihaspathee/sapphire/service/impl/class-use/AccountServiceImpl.html...
[WARNING] Generating /Users/balaji/Documents/mac-mini/Projects.nosync/sapphire/services/member-management/target/apidocs/com/brihaspathee/sapphire/service/impl/class-use/IndexServiceImpl.html...
[WARNING] Generating /Users/balaji/Documents/mac-mini/Projects.nosync/sapphire/services/member-management/target/apidocs/com/brihaspathee/sapphire/service/impl/class-use/MemberServiceImpl.html...
[WARNING] Generating /Users/balaji/Documents/mac-mini/Projects.nosync/sapphire/services/member-management/target/apidocs/com/brihaspathee/sapphire/service/impl/class-use/WelcomeServiceImpl.html...
[WARNING] Generating /Users/balaji/Documents/mac-mini/Projects.nosync/sapphire/services/member-management/target/apidocs/com/brihaspathee/sapphire/service/impl/class-use/MemberElasticServiceImpl.html...
[WARNING] Generating /Users/balaji/Documents/mac-mini/Projects.nosync/sapphire/services/member-management/target/apidocs/com/brihaspathee/sapphire/service/interfaces/class-use/AccountService.html...
[WARNING] Generating /Users/balaji/Documents/mac-mini/Projects.nosync/sapphire/services/member-management/target/apidocs/com/brihaspathee/sapphire/service/interfaces/class-use/IndexService.html...
[WARNING] Generating /Users/balaji/Documents/mac-mini/Projects.nosync/sapphire/services/member-management/target/apidocs/com/brihaspathee/sapphire/service/interfaces/class-use/MemberService.html...
[WARNING] Generating /Users/balaji/Documents/mac-mini/Projects.nosync/sapphire/services/member-management/target/apidocs/com/brihaspathee/sapphire/service/interfaces/class-use/WelcomeService.html...
[WARNING] Generating /Users/balaji/Documents/mac-mini/Projects.nosync/sapphire/services/member-management/target/apidocs/com/brihaspathee/sapphire/service/interfaces/class-use/MemberElasticService.html...
[WARNING] Generating /Users/balaji/Documents/mac-mini/Projects.nosync/sapphire/services/member-management/target/apidocs/com/brihaspathee/sapphire/helper/impl/class-use/EnrollmentSpanHelperImpl.html...
[WARNING] Generating /Users/balaji/Documents/mac-mini/Projects.nosync/sapphire/services/member-management/target/apidocs/com/brihaspathee/sapphire/helper/impl/class-use/PremiumSpanHelperImpl.html...
[WARNING] Generating /Users/balaji/Documents/mac-mini/Projects.nosync/sapphire/services/member-management/target/apidocs/com/brihaspathee/sapphire/helper/impl/class-use/MemberAddressHelperImpl.html...
[WARNING] Generating /Users/balaji/Documents/mac-mini/Projects.nosync/sapphire/services/member-management/target/apidocs/com/brihaspathee/sapphire/helper/interfaces/class-use/MemberAddressHelper.html...
[WARNING] Generating /Users/balaji/Documents/mac-mini/Projects.nosync/sapphire/services/member-management/target/apidocs/com/brihaspathee/sapphire/helper/interfaces/class-use/PremiumSpanHelper.html...
[WARNING] Generating /Users/balaji/Documents/mac-mini/Projects.nosync/sapphire/services/member-management/target/apidocs/com/brihaspathee/sapphire/helper/interfaces/class-use/EnrollmentSpanHelper.html...
[WARNING] Generating /Users/balaji/Documents/mac-mini/Projects.nosync/sapphire/services/member-management/target/apidocs/com/brihaspathee/sapphire/domain/repository/class-use/EnrollmentSpanRepository.html...
[WARNING] Generating /Users/balaji/Documents/mac-mini/Projects.nosync/sapphire/services/member-management/target/apidocs/com/brihaspathee/sapphire/domain/repository/class-use/MemberRepository.html...
[WARNING] Generating /Users/balaji/Documents/mac-mini/Projects.nosync/sapphire/services/member-management/target/apidocs/com/brihaspathee/sapphire/domain/repository/class-use/AccountRepository.html...
[WARNING] Generating /Users/balaji/Documents/mac-mini/Projects.nosync/sapphire/services/member-management/target/apidocs/com/brihaspathee/sapphire/domain/repository/class-use/PremiumSpanRepository.html...
[WARNING] Generating /Users/balaji/Documents/mac-mini/Projects.nosync/sapphire/services/member-management/target/apidocs/com/brihaspathee/sapphire/domain/elastic/repository/class-use/MemberElasticRepository.html...
[WARNING] Generating /Users/balaji/Documents/mac-mini/Projects.nosync/sapphire/services/member-management/target/apidocs/com/brihaspathee/sapphire/domain/elastic/index/class-use/Indexes.html...
[WARNING] Generating /Users/balaji/Documents/mac-mini/Projects.nosync/sapphire/services/member-management/target/apidocs/com/brihaspathee/sapphire/domain/elastic/documents/class-use/Member.html...
[WARNING] Generating /Users/balaji/Documents/mac-mini/Projects.nosync/sapphire/services/member-management/target/apidocs/com/brihaspathee/sapphire/domain/document/class-use/MemberPremium.html...
[WARNING] Generating /Users/balaji/Documents/mac-mini/Projects.nosync/sapphire/services/member-management/target/apidocs/com/brihaspathee/sapphire/domain/document/class-use/EnrollmentSpan.html...
[WARNING] Generating /Users/balaji/Documents/mac-mini/Projects.nosync/sapphire/services/member-management/target/apidocs/com/brihaspathee/sapphire/domain/document/class-use/Address.html...
[WARNING] Generating /Users/balaji/Documents/mac-mini/Projects.nosync/sapphire/services/member-management/target/apidocs/com/brihaspathee/sapphire/domain/document/class-use/Account.html...
[WARNING] Generating /Users/balaji/Documents/mac-mini/Projects.nosync/sapphire/services/member-management/target/apidocs/com/brihaspathee/sapphire/domain/document/class-use/Member.html...
[WARNING] Generating /Users/balaji/Documents/mac-mini/Projects.nosync/sapphire/services/member-management/target/apidocs/com/brihaspathee/sapphire/domain/document/class-use/PremiumSpan.html...
[WARNING] Generating /Users/balaji/Documents/mac-mini/Projects.nosync/sapphire/services/member-management/target/apidocs/com/brihaspathee/sapphire/package-use.html...
[WARNING] Generating /Users/balaji/Documents/mac-mini/Projects.nosync/sapphire/services/member-management/target/apidocs/com/brihaspathee/sapphire/config/package-use.html...
[WARNING] Generating /Users/balaji/Documents/mac-mini/Projects.nosync/sapphire/services/member-management/target/apidocs/com/brihaspathee/sapphire/controller/impl/package-use.html...
[WARNING] Generating /Users/balaji/Documents/mac-mini/Projects.nosync/sapphire/services/member-management/target/apidocs/com/brihaspathee/sapphire/controller/interfaces/package-use.html...
[WARNING] Generating /Users/balaji/Documents/mac-mini/Projects.nosync/sapphire/services/member-management/target/apidocs/com/brihaspathee/sapphire/domain/document/package-use.html...
[WARNING] Generating /Users/balaji/Documents/mac-mini/Projects.nosync/sapphire/services/member-management/target/apidocs/com/brihaspathee/sapphire/domain/elastic/documents/package-use.html...
[WARNING] Generating /Users/balaji/Documents/mac-mini/Projects.nosync/sapphire/services/member-management/target/apidocs/com/brihaspathee/sapphire/domain/elastic/index/package-use.html...
[WARNING] Generating /Users/balaji/Documents/mac-mini/Projects.nosync/sapphire/services/member-management/target/apidocs/com/brihaspathee/sapphire/domain/elastic/repository/package-use.html...
[WARNING] Generating /Users/balaji/Documents/mac-mini/Projects.nosync/sapphire/services/member-management/target/apidocs/com/brihaspathee/sapphire/domain/repository/package-use.html...
[WARNING] Generating /Users/balaji/Documents/mac-mini/Projects.nosync/sapphire/services/member-management/target/apidocs/com/brihaspathee/sapphire/feign/client/package-use.html...
[WARNING] Generating /Users/balaji/Documents/mac-mini/Projects.nosync/sapphire/services/member-management/target/apidocs/com/brihaspathee/sapphire/helper/impl/package-use.html...
[WARNING] Generating /Users/balaji/Documents/mac-mini/Projects.nosync/sapphire/services/member-management/target/apidocs/com/brihaspathee/sapphire/helper/interfaces/package-use.html...
[WARNING] Generating /Users/balaji/Documents/mac-mini/Projects.nosync/sapphire/services/member-management/target/apidocs/com/brihaspathee/sapphire/interceptors/package-use.html...
[WARNING] Generating /Users/balaji/Documents/mac-mini/Projects.nosync/sapphire/services/member-management/target/apidocs/com/brihaspathee/sapphire/mapper/impl/package-use.html...
[WARNING] Generating /Users/balaji/Documents/mac-mini/Projects.nosync/sapphire/services/member-management/target/apidocs/com/brihaspathee/sapphire/mapper/interfaces/package-use.html...
[WARNING] Generating /Users/balaji/Documents/mac-mini/Projects.nosync/sapphire/services/member-management/target/apidocs/com/brihaspathee/sapphire/model/package-use.html...
[WARNING] Generating /Users/balaji/Documents/mac-mini/Projects.nosync/sapphire/services/member-management/target/apidocs/com/brihaspathee/sapphire/service/impl/package-use.html...
[WARNING] Generating /Users/balaji/Documents/mac-mini/Projects.nosync/sapphire/services/member-management/target/apidocs/com/brihaspathee/sapphire/service/interfaces/package-use.html...
[WARNING] Generating /Users/balaji/Documents/mac-mini/Projects.nosync/sapphire/services/member-management/target/apidocs/overview-tree.html...
[WARNING] Generating /Users/balaji/Documents/mac-mini/Projects.nosync/sapphire/services/member-management/target/apidocs/index.html...
[WARNING] Building index for all classes...
[WARNING] Generating /Users/balaji/Documents/mac-mini/Projects.nosync/sapphire/services/member-management/target/apidocs/allclasses-index.html...
[WARNING] Generating /Users/balaji/Documents/mac-mini/Projects.nosync/sapphire/services/member-management/target/apidocs/allpackages-index.html...
[WARNING] Generating /Users/balaji/Documents/mac-mini/Projects.nosync/sapphire/services/member-management/target/apidocs/index-all.html...
[WARNING] Generating /Users/balaji/Documents/mac-mini/Projects.nosync/sapphire/services/member-management/target/apidocs/search.html...
[WARNING] Generating /Users/balaji/Documents/mac-mini/Projects.nosync/sapphire/services/member-management/target/apidocs/overview-summary.html...
[WARNING] Generating /Users/balaji/Documents/mac-mini/Projects.nosync/sapphire/services/member-management/target/apidocs/help-doc.html...
[WARNING] 60 warnings
[INFO] Building jar: /Users/balaji/Documents/mac-mini/Projects.nosync/sapphire/services/member-management/target/member-management-1.0.3-javadoc.jar
[INFO] 
[INFO] --- spring-boot-maven-plugin:3.4.0:start (pre-integration-test) @ member-management ---
[INFO] Attaching agents: []

  .   ____          _            __ _ _
 /\\ / ___'_ __ _ _(_)_ __  __ _ \ \ \ \
( ( )\___ | '_ | '_| | '_ \/ _` | \ \ \ \
 \\/  ___)| |_)| | | | | || (_| |  ) ) ) )
  '  |____| .__|_| |_|_| |_\__, | / / / /
 =========|_|==============|___/=/_/_/_/

 :: Spring Boot ::                (v3.4.0)

2025-03-03T13:02:29.410-05:00  INFO 17054 --- [member-management] [           main] c.b.s.MemberManagementApplication        : Starting MemberManagementApplication using Java 21.0.3 with PID 17054 (/Users/balaji/Documents/mac-mini/Projects.nosync/sapphire/services/member-management/target/classes started by balaji in /Users/balaji/Documents/mac-mini/Projects.nosync/sapphire/services/member-management)
2025-03-03T13:02:29.411-05:00  INFO 17054 --- [member-management] [           main] c.b.s.MemberManagementApplication        : The following 1 profile is active: "unit-test"
2025-03-03T13:02:29.433-05:00  INFO 17054 --- [member-management] [           main] o.s.c.c.c.ConfigServerConfigDataLoader   : Fetching config from server at : http://localhost:7090
2025-03-03T13:02:29.433-05:00  INFO 17054 --- [member-management] [           main] o.s.c.c.c.ConfigServerConfigDataLoader   : Exception on Url - http://localhost:7090:org.springframework.web.client.ResourceAccessException: I/O error on GET request for "http://localhost:7090/member-management/default": Connection refused. Will be trying the next url if available
2025-03-03T13:02:29.433-05:00  WARN 17054 --- [member-management] [           main] o.s.c.c.c.ConfigServerConfigDataLoader   : Could not locate PropertySource ([ConfigServerConfigDataResource@5f462e3b uris = array<String>['http://localhost:7090'], optional = true, profiles = 'default']): I/O error on GET request for "http://localhost:7090/member-management/default": Connection refused
2025-03-03T13:02:29.434-05:00  INFO 17054 --- [member-management] [           main] o.s.c.c.c.ConfigServerConfigDataLoader   : Fetching config from server at : http://localhost:7090
2025-03-03T13:02:29.434-05:00  INFO 17054 --- [member-management] [           main] o.s.c.c.c.ConfigServerConfigDataLoader   : Exception on Url - http://localhost:7090:org.springframework.web.client.ResourceAccessException: I/O error on GET request for "http://localhost:7090/member-management/unit-test": Connection refused. Will be trying the next url if available
2025-03-03T13:02:29.434-05:00  WARN 17054 --- [member-management] [           main] o.s.c.c.c.ConfigServerConfigDataLoader   : Could not locate PropertySource ([ConfigServerConfigDataResource@6ad5923a uris = array<String>['http://localhost:7090'], optional = true, profiles = 'unit-test']): I/O error on GET request for "http://localhost:7090/member-management/unit-test": Connection refused
2025-03-03T13:02:29.434-05:00  INFO 17054 --- [member-management] [           main] o.s.c.c.c.ConfigServerConfigDataLoader   : Fetching config from server at : http://localhost:7090
2025-03-03T13:02:29.434-05:00  INFO 17054 --- [member-management] [           main] o.s.c.c.c.ConfigServerConfigDataLoader   : Exception on Url - http://localhost:7090:org.springframework.web.client.ResourceAccessException: I/O error on GET request for "http://localhost:7090/member-management/default": Connection refused. Will be trying the next url if available
2025-03-03T13:02:29.434-05:00  WARN 17054 --- [member-management] [           main] o.s.c.c.c.ConfigServerConfigDataLoader   : Could not locate PropertySource ([ConfigServerConfigDataResource@4463d9d3 uris = array<String>['http://localhost:7090'], optional = true, profiles = 'default']): I/O error on GET request for "http://localhost:7090/member-management/default": Connection refused
2025-03-03T13:02:29.748-05:00  INFO 17054 --- [member-management] [           main] .s.d.r.c.RepositoryConfigurationDelegate : Multiple Spring Data modules found, entering strict repository configuration mode
2025-03-03T13:02:29.749-05:00  INFO 17054 --- [member-management] [           main] .s.d.r.c.RepositoryConfigurationDelegate : Bootstrapping Spring Data Elasticsearch repositories in DEFAULT mode.
2025-03-03T13:02:29.822-05:00  INFO 17054 --- [member-management] [           main] .s.d.r.c.RepositoryConfigurationDelegate : Finished Spring Data repository scanning in 70 ms. Found 1 Elasticsearch repository interface.
2025-03-03T13:02:29.946-05:00  INFO 17054 --- [member-management] [           main] .s.d.r.c.RepositoryConfigurationDelegate : Multiple Spring Data modules found, entering strict repository configuration mode
2025-03-03T13:02:29.946-05:00  INFO 17054 --- [member-management] [           main] .s.d.r.c.RepositoryConfigurationDelegate : Bootstrapping Spring Data Reactive Elasticsearch repositories in DEFAULT mode.
2025-03-03T13:02:29.963-05:00  INFO 17054 --- [member-management] [           main] .RepositoryConfigurationExtensionSupport : Spring Data Reactive Elasticsearch - Could not safely identify store assignment for repository candidate interface com.brihaspathee.sapphire.domain.repository.AccountRepository; If you want this repository to be a Reactive Elasticsearch repository, consider annotating your entities with one of these annotations: org.springframework.data.elasticsearch.annotations.Document (preferred), or consider extending one of the following types with your repository: org.springframework.data.elasticsearch.repository.ReactiveElasticsearchRepository
2025-03-03T13:02:29.964-05:00  INFO 17054 --- [member-management] [           main] .RepositoryConfigurationExtensionSupport : Spring Data Reactive Elasticsearch - Could not safely identify store assignment for repository candidate interface com.brihaspathee.sapphire.domain.repository.EnrollmentSpanRepository; If you want this repository to be a Reactive Elasticsearch repository, consider annotating your entities with one of these annotations: org.springframework.data.elasticsearch.annotations.Document (preferred), or consider extending one of the following types with your repository: org.springframework.data.elasticsearch.repository.ReactiveElasticsearchRepository
2025-03-03T13:02:29.965-05:00  INFO 17054 --- [member-management] [           main] .RepositoryConfigurationExtensionSupport : Spring Data Reactive Elasticsearch - Could not safely identify store assignment for repository candidate interface com.brihaspathee.sapphire.domain.repository.MemberRepository; If you want this repository to be a Reactive Elasticsearch repository, consider annotating your entities with one of these annotations: org.springframework.data.elasticsearch.annotations.Document (preferred), or consider extending one of the following types with your repository: org.springframework.data.elasticsearch.repository.ReactiveElasticsearchRepository
2025-03-03T13:02:29.965-05:00  INFO 17054 --- [member-management] [           main] .RepositoryConfigurationExtensionSupport : Spring Data Reactive Elasticsearch - Could not safely identify store assignment for repository candidate interface com.brihaspathee.sapphire.domain.repository.PremiumSpanRepository; If you want this repository to be a Reactive Elasticsearch repository, consider annotating your entities with one of these annotations: org.springframework.data.elasticsearch.annotations.Document (preferred), or consider extending one of the following types with your repository: org.springframework.data.elasticsearch.repository.ReactiveElasticsearchRepository
2025-03-03T13:02:29.965-05:00  INFO 17054 --- [member-management] [           main] .s.d.r.c.RepositoryConfigurationDelegate : Finished Spring Data repository scanning in 18 ms. Found 0 Reactive Elasticsearch repository interfaces.
2025-03-03T13:02:29.979-05:00  INFO 17054 --- [member-management] [           main] .s.d.r.c.RepositoryConfigurationDelegate : Multiple Spring Data modules found, entering strict repository configuration mode
2025-03-03T13:02:29.979-05:00  INFO 17054 --- [member-management] [           main] .s.d.r.c.RepositoryConfigurationDelegate : Bootstrapping Spring Data MongoDB repositories in DEFAULT mode.
2025-03-03T13:02:29.985-05:00  INFO 17054 --- [member-management] [           main] .RepositoryConfigurationExtensionSupport : Spring Data MongoDB - Could not safely identify store assignment for repository candidate interface com.brihaspathee.sapphire.domain.elastic.repository.MemberElasticRepository; If you want this repository to be a MongoDB repository, consider annotating your entities with one of these annotations: org.springframework.data.mongodb.core.mapping.Document (preferred), or consider extending one of the following types with your repository: org.springframework.data.mongodb.repository.MongoRepository
2025-03-03T13:02:29.996-05:00  INFO 17054 --- [member-management] [           main] .s.d.r.c.RepositoryConfigurationDelegate : Finished Spring Data repository scanning in 16 ms. Found 4 MongoDB repository interfaces.
2025-03-03T13:02:30.137-05:00  INFO 17054 --- [member-management] [           main] o.s.cloud.context.scope.GenericScope     : BeanFactory id=2dc106d8-1960-3386-9818-2951a08e1ab3
2025-03-03T13:02:30.296-05:00  INFO 17054 --- [member-management] [           main] o.s.b.w.embedded.tomcat.TomcatWebServer  : Tomcat initialized with port 8080 (http)
2025-03-03T13:02:30.302-05:00  INFO 17054 --- [member-management] [           main] o.apache.catalina.core.StandardService   : Starting service [Tomcat]
2025-03-03T13:02:30.302-05:00  INFO 17054 --- [member-management] [           main] o.apache.catalina.core.StandardEngine    : Starting Servlet engine: [Apache Tomcat/10.1.33]
2025-03-03T13:02:30.331-05:00  INFO 17054 --- [member-management] [           main] o.a.c.c.C.[Tomcat].[localhost].[/]       : Initializing Spring embedded WebApplicationContext
2025-03-03T13:02:30.331-05:00  INFO 17054 --- [member-management] [           main] w.s.c.ServletWebServerApplicationContext : Root WebApplicationContext: initialization completed in 896 ms
Active profile: unit-test
Application properties loaded from: null
2025-03-03T13:02:30.423-05:00  INFO 17054 --- [member-management] [           main] org.mongodb.driver.client                : MongoClient with metadata {"driver": {"name": "mongo-java-driver|sync|spring-boot", "version": "5.2.1"}, "os": {"type": "Darwin", "name": "Mac OS X", "architecture": "aarch64", "version": "15.3.1"}, "platform": "Java/Oracle Corporation/21.0.3+7-LTS-152"} created with settings MongoClientSettings{readPreference=primary, writeConcern=WriteConcern{w=null, wTimeout=null ms, journal=null}, retryWrites=true, retryReads=true, readConcern=ReadConcern{level=null}, credential=MongoCredential{mechanism=null, userName='membermanagementadmin', source='member-management', password=<hidden>, mechanismProperties=<hidden>}, transportSettings=null, commandListeners=[], codecRegistry=ProvidersCodecRegistry{codecProviders=[ValueCodecProvider{}, BsonValueCodecProvider{}, DBRefCodecProvider{}, DBObjectCodecProvider{}, DocumentCodecProvider{}, CollectionCodecProvider{}, IterableCodecProvider{}, MapCodecProvider{}, GeoJsonCodecProvider{}, GridFSFileCodecProvider{}, Jsr310CodecProvider{}, JsonObjectCodecProvider{}, BsonCodecProvider{}, EnumCodecProvider{}, com.mongodb.client.model.mql.ExpressionCodecProvider@702b656a, com.mongodb.Jep395RecordCodecProvider@528f5b7f, com.mongodb.KotlinCodecProvider@3ccfac29]}, loggerSettings=LoggerSettings{maxDocumentLength=1000}, clusterSettings={hosts=[localhost:27019], srvServiceName=mongodb, mode=SINGLE, requiredClusterType=UNKNOWN, requiredReplicaSetName='null', serverSelector='null', clusterListeners='[]', serverSelectionTimeout='30000 ms', localThreshold='15 ms'}, socketSettings=SocketSettings{connectTimeoutMS=10000, readTimeoutMS=0, receiveBufferSize=0, proxySettings=ProxySettings{host=null, port=null, username=null, password=null}}, heartbeatSocketSettings=SocketSettings{connectTimeoutMS=10000, readTimeoutMS=10000, receiveBufferSize=0, proxySettings=ProxySettings{host=null, port=null, username=null, password=null}}, connectionPoolSettings=ConnectionPoolSettings{maxSize=100, minSize=0, maxWaitTimeMS=120000, maxConnectionLifeTimeMS=0, maxConnectionIdleTimeMS=0, maintenanceInitialDelayMS=0, maintenanceFrequencyMS=60000, connectionPoolListeners=[], maxConnecting=2}, serverSettings=ServerSettings{heartbeatFrequencyMS=10000, minHeartbeatFrequencyMS=500, serverMonitoringMode=AUTO, serverListeners='[]', serverMonitorListeners='[]'}, sslSettings=SslSettings{enabled=false, invalidHostNameAllowed=false, context=null}, applicationName='null', compressorList=[], uuidRepresentation=JAVA_LEGACY, serverApi=null, autoEncryptionSettings=null, dnsClient=null, inetAddressResolver=null, contextProvider=null, timeoutMS=null}
2025-03-03T13:02:30.430-05:00  INFO 17054 --- [member-management] [localhost:27019] org.mongodb.driver.cluster               : Monitor thread successfully connected to server with description ServerDescription{address=localhost:27019, type=STANDALONE, cryptd=false, state=CONNECTED, ok=true, minWireVersion=0, maxWireVersion=17, maxDocumentSize=16777216, logicalSessionTimeoutMinutes=30, roundTripTimeNanos=8304750, minRoundTripTimeNanos=0}
2025-03-03T13:02:30.762-05:00 DEBUG 17054 --- [member-management] [           main] org.elasticsearch.client.RestClient      : request [HEAD http://localhost:9200/member] returned [HTTP/1.1 200 OK]
2025-03-03T13:02:31.180-05:00  INFO 17054 --- [member-management] [           main] DiscoveryClientOptionalArgsConfiguration : Eureka HTTP Client uses RestTemplate.
2025-03-03T13:02:31.192-05:00  WARN 17054 --- [member-management] [           main] iguration$LoadBalancerCaffeineWarnLogger : Spring Cloud LoadBalancer is currently working with the default cache. While this cache implementation is useful for development and tests, it's recommended to use Caffeine cache in production.You can switch to using Caffeine cache, by adding it and org.springframework.cache.caffeine.CaffeineCacheManager to the classpath.
2025-03-03T13:02:31.209-05:00  INFO 17054 --- [member-management] [           main] o.s.b.w.embedded.tomcat.TomcatWebServer  : Tomcat started on port 8080 (http) with context path '/'
2025-03-03T13:02:31.223-05:00  INFO 17054 --- [member-management] [           main] c.b.s.MemberManagementApplication        : Started MemberManagementApplication in 2.265 seconds (process running for 2.708)
[INFO] 
[INFO] --- springdoc-openapi-maven-plugin:1.1:generate (default) @ member-management ---
2025-03-03T13:02:31.718-05:00  INFO 17054 --- [member-management] [nio-8080-exec-1] o.a.c.c.C.[Tomcat].[localhost].[/]       : Initializing Spring DispatcherServlet 'dispatcherServlet'
2025-03-03T13:02:31.718-05:00  INFO 17054 --- [member-management] [nio-8080-exec-1] o.s.web.servlet.DispatcherServlet        : Initializing Servlet 'dispatcherServlet'
2025-03-03T13:02:31.719-05:00  INFO 17054 --- [member-management] [nio-8080-exec-1] o.s.web.servlet.DispatcherServlet        : Completed initialization in 1 ms
2025-03-03T13:02:31.725-05:00  INFO 17054 --- [member-management] [nio-8080-exec-1] c.b.s.i.UserContextInterceptor           : User Context Interceptor: User Id: null, Username: null, Service Id: null, Account Type: null
2025-03-03T13:02:31.932-05:00  INFO 17054 --- [member-management] [nio-8080-exec-1] o.springdoc.api.AbstractOpenApiResource  : Init duration for springdoc-openapi is: 194 ms
[INFO] 
[INFO] --- spring-boot-maven-plugin:3.4.0:stop (post-integration-test) @ member-management ---
[INFO] Stopping application...
2025-03-03T13:02:31.971-05:00  INFO 17054 --- [member-management] [on(2)-127.0.0.1] inMXBeanRegistrar$SpringApplicationAdmin : Application shutdown requested.
2025-03-03T13:02:31.972-05:00  INFO 17054 --- [member-management] [on(2)-127.0.0.1] o.s.b.w.e.tomcat.GracefulShutdown        : Commencing graceful shutdown. Waiting for active requests to complete
2025-03-03T13:02:31.974-05:00  INFO 17054 --- [member-management] [tomcat-shutdown] o.s.b.w.e.tomcat.GracefulShutdown        : Graceful shutdown complete
[INFO] 
[INFO] --- maven-gpg-plugin:1.5:sign (sign-artifacts) @ member-management ---
[INFO] ------------------------------------------------------------------------
[INFO] BUILD SUCCESS
[INFO] ------------------------------------------------------------------------
[INFO] Total time:  14.299 s
[INFO] Finished at: 2025-03-03T13:02:33-05:00
[INFO] ------------------------------------------------------------------------
